<?xml version="1.0" encoding="UTF-8"?>
<testsuite name="com.sb.gradle.AppTest" tests="1" skipped="0" failures="0" errors="0" timestamp="2021-01-25T05:16:11" hostname="sauravbilung-HP-Pavilion-15-Notebook-PC" time="0.004">
  <properties/>
  <testcase name="testAppHasAGreeting" classname="com.sb.gradle.AppTest" time="0.004"/>
  <system-out><![CDATA[]]></system-out>
  <system-err><![CDATA[]]></system-err>
</testsuite>
